<?xml version="1.0" encoding="UTF-8"?>
<!-- Generated by org.testng.reporters.JUnitReportReporter -->
<testsuite skipped="0" hostname="DESKTOP-PPOL0UJ" name="com.testCases.FWA_019" tests="1" failures="0" timestamp="2023-02-27T20:22:00 EST" time="1.456" errors="0">
  <testcase name="freshiiLogin" time="1.456" classname="com.testCases.FWA_019"/>
  <system-out/>
</testsuite> <!-- com.testCases.FWA_019 -->
