<?xml version="1.0" encoding="UTF-8"?>
<!-- Generated by org.testng.reporters.JUnitReportReporter -->
<testsuite skipped="0" hostname="DESKTOP-PPOL0UJ" name="com.testCases.FWA_21" tests="2" failures="0" timestamp="2022-07-19T17:06:22 EDT" time="20.353" errors="0">
  <testcase name="freshiiLogin" time="1.011" classname="com.testCases.FWA_21"/>
  <system-out/>
  <testcase name="endtoEnd" time="19.342" classname="com.testCases.FWA_21"/>
  <system-out/>
</testsuite> <!-- com.testCases.FWA_21 -->
