<?xml version="1.0" encoding="UTF-8"?>
<!-- Generated by org.testng.reporters.JUnitReportReporter -->
<testsuite skipped="0" hostname="DESKTOP-PPOL0UJ" name="com.testCases.FWA_20" tests="1" failures="0" timestamp="2022-07-17T15:48:51 EDT" time="4.947" errors="0">
  <testcase name="validEmailandPwd" time="4.947" classname="com.testCases.FWA_20"/>
  <system-out/>
</testsuite> <!-- com.testCases.FWA_20 -->
